479615345917356869889 442721857769891091127 276701161108416935552 
387381625548041125224 534955578135117939935 405828369620387847560 
332041393324400857428 184467440736543186001 313594649251980101408 
-51722919772595304357513232495103606833271 -53764613973776254733320461327461433296965 -42535295865084653536406050314199679854713 
-62952237880265387785381130850283697395791 -57848002376026927115514727322161121558228 -53424331605890537191375865562639500431725 
-42195013498368367765709327774595995400479 -40833884030155451869888220874953011982816 -25180895151713560895256477520360001613916 
55806308175140305616929171916896560825436 46278401901380324565556093071508023084797 29944848289712230810683902806974333116231 
59209131844009978740995563262965296930989 57167437642701309682140098121362364825899 45597837167583225365030052615842808888339 
35729648526003191857857801528258544055099 29604565921863787052281211514973372258626 31646260123555116928871692439201937190967 
51722919772595304357716146679912796875380 53764613973776254733449588535976881596643 42535295865084653536535177522717580389339 
62952237880265387785547151546947104201800 57848002376026927115680748018823872956652 53424331605890537191412759050787020114731 
42195013498368367765746221262742147531128 40833884030155451869962007851249031433943 25180895151713560895404051472950001814947 
276701161108166827780 313594649254442791449 147573952590516400926 
221360928884634319215 368934881472366541511 368934881472868164554 
295147905178248726779 110680464440523734874 166020696661979900377 
-55340232217421604810 18446744073858586610 -92233720369797073198 
-55340232219564642401 18446744073761990737 129127208513887416837 
92233720368025249069 -36893488148418677885 -55340232222476042342 
18446744081555180861 129127208519429849370 110680464440641115369 
73786976295086099816 221360928883377133824 295147905176929803663 
166020696662299522932 166020696658391700584 -36893488150496342996 
-73786976292791651628 36893488149687605483 -18446744075487595128 
-55340232222614650402 18446744073101753926 166020696663941381705 
129127208517919216412 -3096489495 -73786976295544459343 
-6465364971954561550300721805875939197283 2722258935569645703298304819337733061158 12590447575976242963274211068477525516241 
13951577043233459094344187119665943902919 -5444517870764831771180356034332973657251 340282366755326057478641528766415210694 
-8166776805829436308695771556836497238198 3062541302377206591342473263753364039395 -10208471007598414785752255979955245956035 
-19055812546272022940476156832834973055064 5444517870686212418885104631514686812525 6805647337121147507486188186789877843055 
1361129468860927353674354493336363862156 -2722258935666591155174435066351479391957 6805647336704517912167425744456020692663 
-7145929704131870362315592467621065131100 1361129467567123893567707013439257177556 -22118353850727785550422586998773248059669 
113654310551738363126250455353668488162086 98681886407521009091233834882987700939809 69077320486065629763050334531554332400584 
119779393155025674671508276537413757607984 117057134220504673786466955525964665568353 96640192205884051306521824315672416671052 
84390026995144309293573915537769967443718 68737038117468266473819490749264200418594 66695343916725520908580847539017950604247 
14632141776920564384976369647134307547662 -5444517870721848408094198803818664172702 -7145929705390810650428188402239272702855 
-5444517870721848408094198803818664172702 2041694201606819454880868134643533168494 2722258935404154714722352515159578166759 
-7145929705390810650428188402239272702855 2722258935404154714722352515159578166759 28243436454280454182937623945370937876737 
14632141776920564385050156623433284333333 -5444517870721848407909731363079669680931 -7145929705390810650409741658166656836555 
-5444517870721848408038858571597436659496 2041694201606819455083782319453148311581 2722258935404154715054393908484926648307 
-7145929705390810650169933985207176106725 2722258935404154714759246003304082450506 28243436454280454182956070689442917576083 
-25521177516586731177792076505937684640929 6805647338167208927456374226212711809369 -2381976570465202531566690033413931172507 
-13611294674761296240960005249218518989735 2041694201208086450455272723310528822135 10889035739063998516972116097339460153723 
340282368338445254237393553172514332071 -2041694201793931252022045299393157050263 -24160048052400313229865477187035829733443 
-86431721195786754029725134000388919698212 -57167437642357642906705997368245782501488 -18375247814734250560725054171595923042322 
-55806308173670146258167054452689407603711 -54445178707406136332629822028673310290173 -21097506750977204546988150105880872591138 
-57167437642014676185338918087644093838159 -31646260124107703647075177849713975100681 -51382637405982799822400905792514911121635 
184467440754878799021 295147905186784849686 534955578138956418410 
368934881475396098582 627189298503267656809 553402322204460844326 
184467440729205699338 571849066275190037253 18446744066531472697 
404936016639999773158385319621061506019147 473673054754914158546355294310732200754963 301830459458668458884353350848445142862185 
466186842682797286084720857405233968506471 637008590871231360519089954063132572021191 322247401470717137220155941083469439851444 
271205046436350090082312028633302045694072 333136437212443470451546600380041075589800 251468669151715266492109737200465542118379 
-57167437638816068821022642128886539080974 16333553612058637256913568311574957036931 20416942011363442522716818977405434598417 
4083388406582782061355104873335905198486 -8166776806999773465191263805728935379023 20416942010113553736576064209663101444001 
-21437789112395611086872990426570891132002 4083388402701371680850694992909810434922 -66355061552183356650972613091139743776945 
18446744081555180861 1662870805 350488137400121845199 
202914184812853078381 221360928883377133824 -3914394138 
-73786976297181206898 461168601839235898385 -36893488150496342996 
-38451907461411654338438943848168380722001 26882306986304751766690145040831927490020 1020847100288732857091364441340483465501 
-20757224381048180074339402874641701615041 3743106036076081750711662640515762629672 9187623906474144033699331100025732508832 
-16673835978672549846373499046597317958415 20076659647987843768577060655866717469394 -9187623907330827058345897690307082414361 
